Solution = {

CostFeas       = 50630;
PathFlowEpsInt = 1e-05;

Networks = {
  // NetworkName;

  net_;
}

Resources = {
  // ResourceName;

  __rTime;
  __rLoad;
}

Columns = {
  // ColumnName Cost Value ReducedCost AtLowerBound AtUpperBound;

  cCounterT1_ 50000 5 0 0 0;
}

Rows = {
  // RowName DualVariableValue;

  r_Client_1 8;
  r_Client_2 66;
  r_Client_3 5;
  r_Client_4 7;
  r_Client_5 20;
  r_Client_6 3;
  r_Client_7 9968;
  r_Client_8 34;
  r_Client_9 42;
  r_Client_10 37;
  r_Client_11 2;
  r_Client_12 70;
  r_Client_13 7;
  r_Client_14 41;
  r_Client_15 0;
  r_Client_16 9904;
  r_Client_17 20;
  r_Client_18 4;
  r_Client_19 1;
  r_Client_20 3;
  r_Client_21 2;
  r_Client_22 44;
  r_Client_23 10043;
  r_Client_24 4;
  r_Client_25 7;
  r_Client_26 14;
  r_Client_27 5;
  r_Client_28 5;
  r_Client_29 8;
  r_Client_30 2;
  r_Client_31 2;
  r_Client_32 7;
  r_Client_33 10087;
  r_Client_34 8;
  r_Client_35 52;
  r_Client_36 10005;
  r_Client_37 -1;
  r_Client_38 10;
  r_Client_39 1;
  r_Client_40 4;
  r_Client_41 12;
  r_Client_42 33;
  r_Client_43 6;
  r_Client_44 2;
  r_Client_45 0;
  r_Client_46 1;
  r_Client_47 2;
  r_Client_48 17;
  r_Client_49 0;
  r_Client_50 6;
  rCounterT1_ -10000;
}

Paths = {
  // NetworkName UnitCost Value {
  //   [ ArcSet ] < ArcType > ( TaskName ... )
  //   NodeName < NodeType > ( TaskName ... ) [ ResourceValue ... ]
  //   ...
  // }

  net_ 124 1 {
    nSrc_  [ 0 0 ];
    [ as ]
    n_Client_42  ( Client_42 )  [ 33 10 ];
    [ as ]
    n_Client_39  ( Client_39 )  [ 38 20 ];
    [ as ]
    n_Client_36  ( Client_36 )  [ 45 60 ];
    [ as ]
    n_Client_40  ( Client_40 )  [ 85 90 ];
    [ as ]
    n_Client_44  ( Client_44 )  [ 90 100 ];
    [ as ]
    n_Client_41  ( Client_41 )  [ 97 120 ];
    [ as ]
    n_Client_38  ( Client_38 )  [ 103 150 ];
    [ as ]
    n_Client_37  ( Client_37 )  [ 124 160 ];
    [ as ]
    n_Client_35  ( Client_35 )  [ 139 180 ];
    [ as ]
    n_Client_43  ( Client_43 )  [ 151 200 ];
    [ as ]
    nSnk_  [ 240 200 ];
  }

  net_ 125 1 {
    nSrc_  [ 0 0 ];
    [ as ]
    n_Client_14  ( Client_14 )  [ 35 10 ];
    [ as ]
    n_Client_12  ( Client_12 )  [ 64 30 ];
    [ as ]
    n_Client_47  ( Client_47 )  [ 70 40 ];
    [ as ]
    n_Client_16  ( Client_16 )  [ 75 60 ];
    [ as ]
    n_Client_15  ( Client_15 )  [ 77 80 ];
    [ as ]
    n_Client_11  ( Client_11 )  [ 83 120 ];
    [ as ]
    n_Client_9  ( Client_9 )  [ 91 140 ];
    [ as ]
    n_Client_10  ( Client_10 )  [ 119 170 ];
    [ as ]
    n_Client_13  ( Client_13 )  [ 142 180 ];
    [ as ]
    n_Client_17  ( Client_17 )  [ 153 200 ];
    [ as ]
    nSnk_  [ 240 200 ];
  }

  net_ 112 1 {
    nSrc_  [ 0 0 ];
    [ as ]
    n_Client_2  ( Client_2 )  [ 50 30 ];
    [ as ]
    n_Client_45  ( Client_45 )  [ 57 40 ];
    [ as ]
    n_Client_5  ( Client_5 )  [ 60 60 ];
    [ as ]
    n_Client_8  ( Client_8 )  [ 91 70 ];
    [ as ]
    n_Client_6  ( Client_6 )  [ 96 90 ];
    [ as ]
    n_Client_7  ( Client_7 )  [ 99 110 ];
    [ as ]
    n_Client_46  ( Client_46 )  [ 113 120 ];
    [ as ]
    n_Client_3  ( Client_3 )  [ 119 130 ];
    [ as ]
    n_Client_1  ( Client_1 )  [ 145 150 ];
    [ as ]
    n_Client_4  ( Client_4 )  [ 152 190 ];
    [ as ]
    nSnk_  [ 240 200 ];
  }

  net_ 144 1 {
    nSrc_  [ 0 0 ];
    [ as ]
    n_Client_33  ( Client_33 )  [ 51 10 ];
    [ as ]
    n_Client_30  ( Client_30 )  [ 74 20 ];
    [ as ]
    n_Client_28  ( Client_28 )  [ 78 30 ];
    [ as ]
    n_Client_27  ( Client_27 )  [ 83 50 ];
    [ as ]
    n_Client_29  ( Client_29 )  [ 88 60 ];
    [ as ]
    n_Client_31  ( Client_31 )  [ 90 80 ];
    [ as ]
    n_Client_34  ( Client_34 )  [ 111 110 ];
    [ as ]
    n_Client_26  ( Client_26 )  [ 122 140 ];
    [ as ]
    n_Client_32  ( Client_32 )  [ 131 150 ];
    [ as ]
    n_Client_50  ( Client_50 )  [ 146 180 ];
    [ as ]
    nSnk_  [ 240 200 ];
  }

  net_ 125 1 {
    nSrc_  [ 0 0 ];
    [ as ]
    n_Client_23  ( Client_23 )  [ 65 30 ];
    [ as ]
    n_Client_21  ( Client_21 )  [ 67 40 ];
    [ as ]
    n_Client_18  ( Client_18 )  [ 87 60 ];
    [ as ]
    n_Client_19  ( Client_19 )  [ 92 100 ];
    [ as ]
    n_Client_49  ( Client_49 )  [ 104 110 ];
    [ as ]
    n_Client_22  ( Client_22 )  [ 107 150 ];
    [ as ]
    n_Client_20  ( Client_20 )  [ 122 160 ];
    [ as ]
    n_Client_48  ( Client_48 )  [ 151 170 ];
    [ as ]
    n_Client_25  ( Client_25 )  [ 158 190 ];
    [ as ]
    n_Client_24  ( Client_24 )  [ 168 200 ];
    [ as ]
    nSnk_  [ 240 200 ];
  }

}

};